<?xml version="1.0" encoding="UTF-8"?>
<!-- Generated by org.testng.reporters.JUnitXMLReporter -->
<testsuite hostname="APPAN-PC" ignored="0" name="Default test" tests="6" failures="0" timestamp="2021-07-10T00:53:04 IST" time="16.593" errors="0">
  <testcase name="getMyEmailAddress" time="10.706" classname="authentication.OAuth2_Lichess"/>
  <testcase name="getMyPreferences" time="0.986" classname="authentication.OAuth2_Lichess"/>
  <testcase name="getMyProfile" time="1.273" classname="authentication.OAuth2_Lichess"/>
  <testcase name="getRealTimeUserStatus" time="1.409" classname="authentication.OAuth2_Lichess"/>
  <testcase name="getMyKidModeStatus" time="0.97" classname="authentication.OAuth2_Lichess"/>
  <testcase name="setMyKidModeStatusTrue" time="1.027" classname="authentication.OAuth2_Lichess"/>
</testsuite> <!-- Default test -->
