<?xml version="1.0" encoding="UTF-8"?>
<testng-results skipped="0" failed="0" ignored="0" total="6" passed="6">
  <reporter-output>
  </reporter-output>
  <suite name="Default suite" duration-ms="16593" started-at="2021-07-10T00:52:47 IST" finished-at="2021-07-10T00:53:04 IST">
    <groups>
    </groups>
    <test name="Default test" duration-ms="16593" started-at="2021-07-10T00:52:47 IST" finished-at="2021-07-10T00:53:04 IST">
      <class name="authentication.OAuth2_Lichess">
        <test-method status="PASS" signature="getMyEmailAddress()[pri:0, instance:authentication.OAuth2_Lichess@76b0bfab]" name="getMyEmailAddress" duration-ms="10706" started-at="2021-07-10T00:52:47 IST" finished-at="2021-07-10T00:52:58 IST">
          <reporter-output>
          </reporter-output>
        </test-method> <!-- getMyEmailAddress -->
        <test-method status="PASS" signature="getMyPreferences()[pri:0, instance:authentication.OAuth2_Lichess@76b0bfab]" name="getMyPreferences" duration-ms="986" started-at="2021-07-10T00:52:58 IST" finished-at="2021-07-10T00:52:59 IST">
          <reporter-output>
          </reporter-output>
        </test-method> <!-- getMyPreferences -->
        <test-method status="PASS" signature="getMyProfile()[pri:0, instance:authentication.OAuth2_Lichess@76b0bfab]" name="getMyProfile" duration-ms="1273" started-at="2021-07-10T00:52:59 IST" finished-at="2021-07-10T00:53:00 IST">
          <reporter-output>
          </reporter-output>
        </test-method> <!-- getMyProfile -->
        <test-method status="PASS" signature="getRealTimeUserStatus()[pri:0, instance:authentication.OAuth2_Lichess@76b0bfab]" name="getRealTimeUserStatus" duration-ms="1409" started-at="2021-07-10T00:53:00 IST" finished-at="2021-07-10T00:53:02 IST">
          <reporter-output>
          </reporter-output>
        </test-method> <!-- getRealTimeUserStatus -->
        <test-method status="PASS" signature="getMyKidModeStatus()[pri:1, instance:authentication.OAuth2_Lichess@76b0bfab]" name="getMyKidModeStatus" duration-ms="970" started-at="2021-07-10T00:53:02 IST" finished-at="2021-07-10T00:53:03 IST">
          <reporter-output>
          </reporter-output>
        </test-method> <!-- getMyKidModeStatus -->
        <test-method status="PASS" signature="setMyKidModeStatusTrue()[pri:2, instance:authentication.OAuth2_Lichess@76b0bfab]" name="setMyKidModeStatusTrue" duration-ms="1027" started-at="2021-07-10T00:53:03 IST" finished-at="2021-07-10T00:53:04 IST">
          <reporter-output>
          </reporter-output>
        </test-method> <!-- setMyKidModeStatusTrue -->
      </class> <!-- authentication.OAuth2_Lichess -->
    </test> <!-- Default test -->
  </suite> <!-- Default suite -->
</testng-results>
