<?xml version="1.0" encoding="UTF-8"?>
<testng-results skipped="0" failed="0" ignored="0" total="1" passed="1">
  <reporter-output>
  </reporter-output>
  <suite name="Default suite" duration-ms="8068" started-at="2020-07-19T22:52:28 IST" finished-at="2020-07-19T22:52:36 IST">
    <groups>
    </groups>
    <test name="Default test" duration-ms="8068" started-at="2020-07-19T22:52:28 IST" finished-at="2020-07-19T22:52:36 IST">
      <class name="simplePayload.Serialization">
        <test-method status="PASS" signature="POJO_to_JSON()[pri:0, instance:simplePayload.Serialization@4b553d26]" name="POJO_to_JSON" duration-ms="7880" started-at="2020-07-19T22:52:28 IST" finished-at="2020-07-19T22:52:36 IST">
          <reporter-output>
          </reporter-output>
        </test-method> <!-- POJO_to_JSON -->
      </class> <!-- simplePayload.Serialization -->
    </test> <!-- Default test -->
  </suite> <!-- Default suite -->
</testng-results>
